reset
set xrange [1.7820174637328146:17.23845893723614]
set yrange [42.03350364201876:57.48994511552209]
set size ratio 1.0
set title "Fläche der Staaten, Iteration: 15"
unset xtics
unset ytics
$data << EOD
9.816309458871228 51.00716912668217 2.665012070418412 D 0
6.69607045580411 52.77943849908919 0.9140915989289315 NL 1
6.36764720905198 51.11145821872565 0.8102556018035718 B 2
7.005025127117097 50.25153038156147 0.24430125595145996 L 3
5.071779784972585 47.29136965159558 3.2897623212397704 F 4
9.2593310659562 47.48612178763247 0.9031439992304459 CH 5
11.466286459150796 47.43299860502626 1.2927207364566027 A 6
13.302468795549919 49.19438949883846 1.2536566766991937 CZ 7
14.743075770572068 52.636618380788775 2.495383166664071 PL 8
9.717880097986297 54.59693179964355 0.9249096275414899 DK 9
EOD
plot \
'$data' using 1:2:3:5 with circles lc var notitle, \
'$data' using 1:2:4:5 with labels font "arial, 9" tc variable notitle