reset
set xrange [4.138936372401126:17.35664559815717]
set yrange [44.6442979106873:57.862007136443346]
set size ratio 1.0
set title "Bierkonsum, Iteration: 47"
unset xtics
unset ytics
$data << EOD
9.771340666886895 51.694079401640046 3.287493780120963 D 0
5.337839237440108 52.363709542518485 1.1989028650389821 NL 1
5.7270022231603335 50.2089569317546 0.9854409330138173 B 2
6.852901946906853 49.669912434839254 0.31539156525252005 L 3
6.809385410426766 47.79704081741683 1.6070275763858513 F 4
9.179693441000412 47.702113373041804 0.7396587840878996 CH 5
11.016345015641814 47.51131466865161 1.0839792909902077 A 6
13.27197847923719 48.5859703847691 1.3985224498878255 CZ 7
15.204805890934573 51.573348728534654 2.1518397072225968 PL 8
9.664336558561445 55.647245262542384 0.6690465435572892 DK 9
EOD
plot \
'$data' using 1:2:3:5 with circles lc var notitle, \
'$data' using 1:2:4:5 with labels font "arial, 9" tc variable notitle