reset
set xrange [-4.246584047232476:23.481195210528817]
set yrange [33.43197944541184:61.15975870317314]
set size ratio 1.0
set title "Fläche der Staaten, Iteration: 133"
unset xtics
unset ytics
$data << EOD
10.745528968800942 50.560729541363386 2.665012070418412 D 0
7.322107767818392 51.61093212608011 0.9140915989289315 NL 1
7.325951986303831 49.88108446058423 0.8102556018035718 B 2
8.150609246628754 49.230268433859266 0.24430125595145996 L 3
7.436587137471991 45.76053403757592 3.2897623212397704 F 4
11.576093444406224 47.06671602071096 0.9031439992304459 CH 5
13.874814279004445 47.56144489938429 1.2927207364566027 A 6
14.106216217714385 49.80732802687534 1.2536566766991937 CZ 7
15.508839896377085 52.94250537998723 2.495383166664071 PL 8
9.800000681424438 54.02506950189408 0.9249096275414899 DK 9
1.1952931764880583 44.051874360855706 3.1727827140480924 E 10
-2.893704952280974 42.105891854745636 1.3528790949515024 P 11
12.83249869270236 43.94565818038251 2.447080859684159 I 12
15.159518508586126 45.90661817668641 0.6307831305050401 SLO 13
15.89630585242033 49.268755857965914 0.9873317712085735 SK 14
16.591746584855834 47.1773769384965 1.3602118266811545 H 15
16.683235166349 44.82883589596442 1.0648844864724787 HR 16
16.952368008185207 42.80121592987835 1.0072798827589244 BIH 17
19.032004945155872 43.8974924946509 1.3231418571003069 SRB 18
18.321899274357996 42.19501889320843 0.527751030705594 MNE 19
20.47042035719878 42.597465568523276 0.719203423968949 MK 20
19.46428783711918 41.71213046177068 0.7595634724683124 AL 21
20.324110440173754 47.12236201131337 2.1297689729449574 RO 22
21.995168684722483 43.94459577790642 1.4860265258063357 BG 23
21.742246927523972 40.77436080554082 1.6205112036071436 GR 24
EOD
plot \
'$data' using 1:2:3:5 with circles lc var notitle, \
'$data' using 1:2:4:5 with labels font "arial, 9" tc variable notitle