reset
set xrange [3.855130801158049:14.628303122052186]
set yrange [44.93178359820386:55.704955919098]
set size ratio 1.0
set title "Fläche der Staaten, Iteration: 200"
unset xtics
unset ytics
$data << EOD
9.521822422818696 50.234339584113634 1.7274707473566775 D 0
9.555592141274191 53.68915468790335 1.7274707473566775 NL 1
6.867318595913829 51.5190126271684 1.7274707473566775 B 2
8.23705013037216 47.579920032812595 1.7274707473566775 L 3
5.5826015485147265 48.864635277453885 1.7274707473566775 F 4
8.456792545144605 46.94758482939851 1.7274707473566775 CH 5
11.835596944265566 47.6684799674948 1.7274707473566775 A 6
12.900832374695508 50.95502519554809 1.7274707473566775 CZ 7
10.58728233330474 53.52092289451622 1.7274707473566775 PL 8
9.727352684326123 53.68316688388705 1.7274707473566775 DK 9
EOD
plot \
'$data' using 1:2:3:5 with circles lc var notitle, \
'$data' using 1:2:4:5 with labels font "arial, 9" tc variable notitle