reset
set xrange [1.8028347489398397:17.31838782291814]
set yrange [42.210728565314916:57.72628163929322]
set size ratio 1.0
set title "Fläche der Staaten, Iteration: 26"
unset xtics
unset ytics
$data << EOD
9.897803767570595 51.12079043549018 2.665012070418412 D 0
6.91998811293692 53.10797447207495 0.9140915989289315 NL 1
6.448291040187952 51.451451380167626 0.8102556018035718 B 2
7.032677054119849 50.561672259596044 0.24430125595145996 L 3
5.09259707017961 47.59553437426024 3.2897623212397704 F 4
9.282112889512504 47.607662710942535 0.9031439992304459 CH 5
11.47306407460356 47.49030327913237 1.2927207364566027 A 6
13.331006789421494 49.22962966648257 1.2536566766991937 CZ 7
14.82300465625407 52.66743092311013 2.495383166664071 PL 8
9.713645689040202 54.70632852404618 0.9249096275414899 DK 9
EOD
plot \
'$data' using 1:2:3:5 with circles lc var notitle, \
'$data' using 1:2:4:5 with labels font "arial, 9" tc variable notitle