reset
set xrange [-0.23540049208403335:19.658992722027772]
set yrange [40.30400086341843:60.19839407753024]
set size ratio 1.0
set title "Fläche der Staaten, Iteration: 32"
unset xtics
unset ytics
$data << EOD
9.774231721130025 52.65796565908494 3.76889621387372 D 0
4.973509289236526 54.26212014848466 1.2927207364566027 NL 1
4.99694582444524 51.83706732094712 1.1458744610593852 B 2
6.114700299422614 50.81024665553841 0.3454941494713355 L 3
4.417025999597245 46.1284120607096 4.652426491681278 F 4
10.277761513529226 47.5768352379762 1.2772384924875728 CH 5
7.324841858778001 47.61493593022028 1.828183197857863 A 6
11.067642977291996 47.340621703540585 1.7729382747475821 CZ 7
16.12998800441392 49.222921515065615 3.52900471761385 PL 8
9.4141926792935 57.71838963268172 1.3080197392386228 DK 9
EOD
plot \
'$data' using 1:2:3:5 with circles lc var notitle, \
'$data' using 1:2:4:5 with labels font "arial, 9" tc variable notitle